Registry [DEBUG:2013-03-19 11:29:45,242:models.py:389:signal_patient_post_save] patient post_save signal
Registry [DEBUG:2013-03-19 11:29:45,246:models.py:394:signal_patient_post_save] Diagnosis record created
Registry [DEBUG:2013-03-19 11:53:19,536:models.py:389:signal_patient_post_save] patient post_save signal
Registry [DEBUG:2013-03-19 11:53:19,539:models.py:394:signal_patient_post_save] Diagnosis record already existed
Registry [DEBUG:2013-03-19 12:02:55,409:models.py:389:signal_patient_post_save] patient post_save signal
Registry [DEBUG:2013-03-19 12:02:55,412:models.py:394:signal_patient_post_save] Diagnosis record created
Registry [DEBUG:2013-03-22 13:47:14,358:models.py:389:signal_patient_post_save] patient post_save signal
Registry [DEBUG:2013-03-22 13:47:14,365:models.py:394:signal_patient_post_save] Diagnosis record created
Registry [DEBUG:2013-03-22 14:15:11,251:models.py:399:signal_patient_post_save] patient post_save signal
Registry [CRITICAL:2013-03-22 14:15:11,257:models.py:406:signal_patient_post_save] global name 'Diagnosis' is not defined
Registry [CRITICAL:2013-03-22 14:15:11,265:models.py:407:signal_patient_post_save] Traceback (most recent call last):
  File "/usr/local/src/dd/dd/dd/models.py", line 403, in signal_patient_post_save
    diagnosis, created = DDDiagnosis.objects.get_or_create(patient=patient)
  File "/usr/local/src/virt_dd/lib/python2.6/site-packages/Django-1.4.5-py2.6.egg/django/db/models/manager.py", line 134, in get_or_create
    return self.get_query_set().get_or_create(**kwargs)
  File "/usr/local/src/virt_dd/lib/python2.6/site-packages/Django-1.4.5-py2.6.egg/django/db/models/query.py", line 452, in get_or_create
    obj.save(force_insert=True, using=self.db)
  File "/usr/local/src/dd/dd/dd/models.py", line 200, in save
    super(Diagnosis, self).save(*args, **kwargs)
NameError: global name 'Diagnosis' is not defined

Registry [DEBUG:2013-03-22 14:16:15,163:models.py:399:signal_patient_post_save] patient post_save signal
Registry [DEBUG:2013-03-22 14:16:15,167:models.py:404:signal_patient_post_save] Diagnosis record created
